<project>
  <build>
    <plugins>
      <plugin>
        <groupId>org.codehaus.mojo</groupId>
        <artifactId>solaris-maven-plugin</artifactId>
        <configuration>
          <packageRoot>${basedir}/target/project-defaults/solaris/assembled-pkg</packageRoot>
          <defaults>
            <user>mysystem</user>
            <group>mysystem</group>
          </defaults>
        </configuration>
      </plugin>
    </plugins>
  </build>
</project>
